2026-01-26 15:54:05 [33mwarn[39m: [33m⚠️  JWT_SECRET should be at least 32 characters for security![39m
2026-01-26 15:54:05 [32minfo[39m: [32m🚀 Express app listening on port 3333[39m
2026-01-26 15:54:05 [32minfo[39m: [32m📝 Environment: development[39m
2026-01-26 15:54:05 [32minfo[39m: [32m🔒 CORS allowed origins: http://localhost:3000, http://localhost:5173[39m
2026-01-26 15:55:04 [35mhttp[39m: [35mPOST /auth/google 200 242.544 ms - -[39m
2026-01-26 15:56:19 [34mdebug[39m: [34mUser 1 authenticated for GET /auth/me[39m
2026-01-26 15:56:19 [35mhttp[39m: [35mGET /auth/me 200 3.089 ms - -[39m
2026-01-26 15:56:19 [34mdebug[39m: [34mUser 1 authenticated for GET /auth/me[39m
2026-01-26 15:56:19 [35mhttp[39m: [35mGET /auth/me 304 1.853 ms - -[39m
2026-01-26 15:56:19 [35mhttp[39m: [35mGET /listing/all-listing 304 16.166 ms - -[39m
2026-01-26 15:56:19 [35mhttp[39m: [35mGET /listing/all-listing 304 5.530 ms - -[39m
2026-01-26 15:56:24 [35mhttp[39m: [35mGET /assets/staycations/1765344920867.webp 200 3.388 ms - 1451598[39m
2026-01-26 15:56:27 [35mhttp[39m: [35mGET /assets/staycations/1765516175990.webp 200 1.736 ms - 97124[39m
2026-01-26 15:56:28 [35mhttp[39m: [35mPOST /traffic/13 200 22.494 ms - 16[39m
2026-01-26 15:56:28 [35mhttp[39m: [35mGET /listing/staycation/13 200 7.114 ms - -[39m
2026-01-26 15:56:28 [35mhttp[39m: [35mGET /listing/staycation/13 304 3.108 ms - -[39m
2026-01-26 15:56:28 [35mhttp[39m: [35mGET /listing/staycation/13 304 2.874 ms - -[39m
2026-01-26 15:56:28 [35mhttp[39m: [35mGET /listing/staycation/13 304 2.743 ms - -[39m
2026-01-26 15:56:32 [35mhttp[39m: [35mPOST /traffic/18 200 2.421 ms - 16[39m
2026-01-26 15:56:32 [35mhttp[39m: [35mGET /listing/staycation/18 304 3.423 ms - -[39m
2026-01-26 15:56:32 [35mhttp[39m: [35mGET /listing/staycation/18 304 4.114 ms - -[39m
2026-01-26 15:56:32 [35mhttp[39m: [35mGET /listing/staycation/18 304 2.266 ms - -[39m
2026-01-26 15:56:32 [35mhttp[39m: [35mGET /listing/staycation/18 304 2.112 ms - -[39m
2026-01-26 15:57:47 [35mhttp[39m: [35mPOST /traffic/16 200 1.845 ms - 16[39m
2026-01-26 15:57:47 [35mhttp[39m: [35mGET /listing/staycation/16 200 2.899 ms - -[39m
2026-01-26 15:57:47 [35mhttp[39m: [35mGET /listing/staycation/16 304 2.571 ms - -[39m
2026-01-26 15:57:47 [35mhttp[39m: [35mGET /listing/staycation/16 304 2.336 ms - -[39m
2026-01-26 15:57:47 [35mhttp[39m: [35mGET /listing/staycation/16 304 2.130 ms - -[39m
2026-01-26 15:57:52 [35mhttp[39m: [35mGET /listing/all-listing 304 2.349 ms - -[39m
2026-01-26 15:57:52 [35mhttp[39m: [35mGET /listing/all-listing 304 2.258 ms - -[39m
2026-01-26 15:57:54 [35mhttp[39m: [35mGET /assets/staycations/1765344920867.webp 200 0.532 ms - 1451598[39m
2026-01-26 15:57:57 [35mhttp[39m: [35mGET /listing/all-listing 304 2.329 ms - -[39m
2026-01-26 15:57:57 [35mhttp[39m: [35mGET /listing/all-listing 304 2.112 ms - -[39m
2026-01-26 15:57:58 [35mhttp[39m: [35mGET /assets/staycations/1765344920867.webp 200 1.499 ms - 1451598[39m
2026-01-26 15:59:04 [35mhttp[39m: [35mGET /listing/all-listing 304 2.436 ms - -[39m
2026-01-26 15:59:04 [35mhttp[39m: [35mGET /listing/all-listing 304 1.800 ms - -[39m
2026-01-26 15:59:06 [35mhttp[39m: [35mGET /assets/staycations/1765344920867.webp 200 0.705 ms - 1451598[39m
2026-01-26 15:59:07 [35mhttp[39m: [35mGET /listing/all-listing 304 2.378 ms - -[39m
2026-01-26 15:59:07 [35mhttp[39m: [35mGET /listing/all-listing 304 45.084 ms - -[39m
2026-01-26 15:59:08 [35mhttp[39m: [35mGET /traffic/allTraffic 200 158.411 ms - -[39m
2026-01-26 15:59:08 [35mhttp[39m: [35mGET /traffic/allTraffic 304 13.904 ms - -[39m
2026-01-26 15:59:10 [35mhttp[39m: [35mGET /listing/all-listing 304 2.902 ms - -[39m
2026-01-26 15:59:10 [35mhttp[39m: [35mGET /listing/all-listing 304 1.981 ms - -[39m
2026-01-26 15:59:12 [35mhttp[39m: [35mGET /assets/staycations/1765344920867.webp 200 0.972 ms - 1451598[39m
2026-01-26 15:59:25 [35mhttp[39m: [35mGET /listing/all-listing 304 2.993 ms - -[39m
2026-01-26 15:59:25 [35mhttp[39m: [35mGET /listing/all-listing 304 2.077 ms - -[39m
2026-01-26 15:59:25 [35mhttp[39m: [35mGET /traffic/allTraffic 304 21.959 ms - -[39m
2026-01-26 15:59:25 [35mhttp[39m: [35mGET /traffic/allTraffic 304 17.491 ms - -[39m
2026-01-26 15:59:26 [35mhttp[39m: [35mGET /listing/all-listing 304 2.832 ms - -[39m
2026-01-26 15:59:26 [35mhttp[39m: [35mGET /listing/all-listing 304 1.983 ms - -[39m
2026-01-26 15:59:27 [35mhttp[39m: [35mGET /listing/all-listing 304 2.838 ms - -[39m
2026-01-26 15:59:27 [35mhttp[39m: [35mGET /listing/all-listing 304 3.244 ms - -[39m
2026-01-26 15:59:27 [35mhttp[39m: [35mGET /traffic/allTraffic 304 21.851 ms - -[39m
2026-01-26 15:59:27 [35mhttp[39m: [35mGET /traffic/allTraffic 304 18.056 ms - -[39m
2026-01-26 15:59:29 [35mhttp[39m: [35mGET /listing/all-listing 304 2.075 ms - -[39m
2026-01-26 15:59:29 [35mhttp[39m: [35mGET /listing/all-listing 304 1.841 ms - -[39m
2026-01-26 15:59:30 [35mhttp[39m: [35mGET /assets/staycations/1765344920867.webp 200 1.057 ms - 1451598[39m
2026-01-26 16:20:31 [33mwarn[39m: [33m⚠️  JWT_SECRET should be at least 32 characters for security![39m
2026-01-26 16:20:31 [32minfo[39m: [32m🚀 Express app listening on port 3333[39m
2026-01-26 16:20:31 [32minfo[39m: [32m📝 Environment: development[39m
2026-01-26 16:20:31 [32minfo[39m: [32m🔒 CORS allowed origins: http://localhost:3000, http://localhost:5173[39m
2026-01-26 16:20:37 [35mhttp[39m: [35mGET /assets/geo/vn_islands.geojson 304 3.567 ms - -[39m
2026-01-26 16:20:37 [34mdebug[39m: [34mUser 1 authenticated for GET /auth/me[39m
2026-01-26 16:20:37 [35mhttp[39m: [35mGET /auth/me 304 6.905 ms - -[39m
2026-01-26 16:20:37 [34mdebug[39m: [34mUser 1 authenticated for GET /auth/me[39m
2026-01-26 16:20:37 [35mhttp[39m: [35mGET /auth/me 304 1.897 ms - -[39m
2026-01-26 16:20:37 [35mhttp[39m: [35mGET /assets/geo/vn_islands.geojson 304 4.159 ms - -[39m
2026-01-26 16:20:37 [35mhttp[39m: [35mGET /listing/all-listing 304 175.899 ms - -[39m
2026-01-26 16:20:37 [35mhttp[39m: [35mGET /listing/all-listing 304 2.455 ms - -[39m
2026-01-26 16:20:39 [35mhttp[39m: [35mGET /assets/staycations/1765344920867.webp 200 2.230 ms - 1451598[39m
2026-01-26 16:20:42 [35mhttp[39m: [35mPOST /traffic/13 200 18.994 ms - 16[39m
2026-01-26 16:20:42 [35mhttp[39m: [35mGET /listing/staycation/13 200 11.457 ms - -[39m
2026-01-26 16:20:42 [35mhttp[39m: [35mGET /listing/staycation/13 304 2.764 ms - -[39m
2026-01-26 16:20:42 [35mhttp[39m: [35mGET /listing/staycation/13 304 2.608 ms - -[39m
2026-01-26 16:20:42 [35mhttp[39m: [35mGET /listing/staycation/13 304 3.043 ms - -[39m
