2026-01-31 12:26:24 [31merror[39m: [31m404 - Route /favicon.ico not found - /favicon.ico - HEAD - ::1[39m
2026-01-31 12:26:24 [31merror[39m: [31mError: Route /favicon.ico not found[39m
[31m    at notFoundHandler (D:\project\findcation\backend-findcation\middleware\errorHandler.js:99:19)[39m
[31m    at Layer.handleRequest (D:\project\findcation\backend-findcation\node_modules\router\lib\layer.js:152:17)[39m
[31m    at trimPrefix (D:\project\findcation\backend-findcation\node_modules\router\index.js:342:13)[39m
[31m    at D:\project\findcation\backend-findcation\node_modules\router\index.js:297:9[39m
[31m    at processParams (D:\project\findcation\backend-findcation\node_modules\router\index.js:582:12)[39m
[31m    at next (D:\project\findcation\backend-findcation\node_modules\router\index.js:291:5)[39m
[31m    at D:\project\findcation\backend-findcation\node_modules\router\index.js:688:15[39m
[31m    at next (D:\project\findcation\backend-findcation\node_modules\router\index.js:276:14)[39m
[31m    at router.handle (D:\project\findcation\backend-findcation\node_modules\router\index.js:186:3)[39m
[31m    at router (D:\project\findcation\backend-findcation\node_modules\router\index.js:60:12)[39m
2026-01-31 12:26:24 [31merror[39m: [31m404 - Route /robots.txt not found - /robots.txt - GET - ::1[39m
2026-01-31 12:26:24 [31merror[39m: [31mError: Route /robots.txt not found[39m
[31m    at notFoundHandler (D:\project\findcation\backend-findcation\middleware\errorHandler.js:99:19)[39m
[31m    at Layer.handleRequest (D:\project\findcation\backend-findcation\node_modules\router\lib\layer.js:152:17)[39m
[31m    at trimPrefix (D:\project\findcation\backend-findcation\node_modules\router\index.js:342:13)[39m
[31m    at D:\project\findcation\backend-findcation\node_modules\router\index.js:297:9[39m
[31m    at processParams (D:\project\findcation\backend-findcation\node_modules\router\index.js:582:12)[39m
[31m    at next (D:\project\findcation\backend-findcation\node_modules\router\index.js:291:5)[39m
[31m    at D:\project\findcation\backend-findcation\node_modules\router\index.js:688:15[39m
[31m    at next (D:\project\findcation\backend-findcation\node_modules\router\index.js:276:14)[39m
[31m    at router.handle (D:\project\findcation\backend-findcation\node_modules\router\index.js:186:3)[39m
[31m    at router (D:\project\findcation\backend-findcation\node_modules\router\index.js:60:12)[39m
2026-01-31 12:26:24 [31merror[39m: [31m404 - Route /.env not found - /.env - HEAD - ::1[39m
2026-01-31 12:26:24 [31merror[39m: [31mError: Route /.env not found[39m
[31m    at notFoundHandler (D:\project\findcation\backend-findcation\middleware\errorHandler.js:99:19)[39m
[31m    at Layer.handleRequest (D:\project\findcation\backend-findcation\node_modules\router\lib\layer.js:152:17)[39m
[31m    at trimPrefix (D:\project\findcation\backend-findcation\node_modules\router\index.js:342:13)[39m
[31m    at D:\project\findcation\backend-findcation\node_modules\router\index.js:297:9[39m
[31m    at processParams (D:\project\findcation\backend-findcation\node_modules\router\index.js:582:12)[39m
[31m    at next (D:\project\findcation\backend-findcation\node_modules\router\index.js:291:5)[39m
[31m    at D:\project\findcation\backend-findcation\node_modules\router\index.js:688:15[39m
[31m    at next (D:\project\findcation\backend-findcation\node_modules\router\index.js:276:14)[39m
[31m    at router.handle (D:\project\findcation\backend-findcation\node_modules\router\index.js:186:3)[39m
[31m    at router (D:\project\findcation\backend-findcation\node_modules\router\index.js:60:12)[39m
2026-01-31 12:26:42 [31merror[39m: [31m404 - Route /listing not found - /listing - GET - ::1[39m
2026-01-31 12:26:42 [31merror[39m: [31mError: Route /listing not found[39m
[31m    at notFoundHandler (D:\project\findcation\backend-findcation\middleware\errorHandler.js:111:19)[39m
[31m    at Layer.handleRequest (D:\project\findcation\backend-findcation\node_modules\router\lib\layer.js:152:17)[39m
[31m    at trimPrefix (D:\project\findcation\backend-findcation\node_modules\router\index.js:342:13)[39m
[31m    at D:\project\findcation\backend-findcation\node_modules\router\index.js:297:9[39m
[31m    at processParams (D:\project\findcation\backend-findcation\node_modules\router\index.js:582:12)[39m
[31m    at next (D:\project\findcation\backend-findcation\node_modules\router\index.js:291:5)[39m
[31m    at D:\project\findcation\backend-findcation\node_modules\router\index.js:688:15[39m
[31m    at next (D:\project\findcation\backend-findcation\node_modules\router\index.js:276:14)[39m
[31m    at router.handle (D:\project\findcation\backend-findcation\node_modules\router\index.js:186:3)[39m
[31m    at router (D:\project\findcation\backend-findcation\node_modules\router\index.js:60:12)[39m
2026-01-31 12:32:07 [31merror[39m: [31m500 - logger is not defined - /listing/all-listing - GET - ::1[39m
2026-01-31 12:32:07 [31merror[39m: [31mReferenceError: logger is not defined[39m
[31m    at exports.allListing (D:\project\findcation\backend-findcation\controllers\listingController.js:80:5)[39m
2026-01-31 13:54:55 [31merror[39m: [31m404 - Route /geojson/location not found - /geojson/location - GET - ::1[39m
2026-01-31 13:54:55 [31merror[39m: [31mError: Route /geojson/location not found[39m
[31m    at notFoundHandler (D:\project\findcation\backend-findcation\middleware\errorHandler.js:111:19)[39m
[31m    at Layer.handleRequest (D:\project\findcation\backend-findcation\node_modules\router\lib\layer.js:152:17)[39m
[31m    at trimPrefix (D:\project\findcation\backend-findcation\node_modules\router\index.js:342:13)[39m
[31m    at D:\project\findcation\backend-findcation\node_modules\router\index.js:297:9[39m
[31m    at processParams (D:\project\findcation\backend-findcation\node_modules\router\index.js:582:12)[39m
[31m    at next (D:\project\findcation\backend-findcation\node_modules\router\index.js:291:5)[39m
[31m    at D:\project\findcation\backend-findcation\node_modules\router\index.js:688:15[39m
[31m    at next (D:\project\findcation\backend-findcation\node_modules\router\index.js:276:14)[39m
[31m    at router.handle (D:\project\findcation\backend-findcation\node_modules\router\index.js:186:3)[39m
[31m    at router (D:\project\findcation\backend-findcation\node_modules\router\index.js:60:12)[39m
2026-01-31 13:54:57 [31merror[39m: [31m404 - Route /geojson/location not found - /geojson/location - GET - ::1[39m
2026-01-31 13:54:57 [31merror[39m: [31mError: Route /geojson/location not found[39m
[31m    at notFoundHandler (D:\project\findcation\backend-findcation\middleware\errorHandler.js:111:19)[39m
[31m    at Layer.handleRequest (D:\project\findcation\backend-findcation\node_modules\router\lib\layer.js:152:17)[39m
[31m    at trimPrefix (D:\project\findcation\backend-findcation\node_modules\router\index.js:342:13)[39m
[31m    at D:\project\findcation\backend-findcation\node_modules\router\index.js:297:9[39m
[31m    at processParams (D:\project\findcation\backend-findcation\node_modules\router\index.js:582:12)[39m
[31m    at next (D:\project\findcation\backend-findcation\node_modules\router\index.js:291:5)[39m
[31m    at D:\project\findcation\backend-findcation\node_modules\router\index.js:688:15[39m
[31m    at next (D:\project\findcation\backend-findcation\node_modules\router\index.js:276:14)[39m
[31m    at router.handle (D:\project\findcation\backend-findcation\node_modules\router\index.js:186:3)[39m
[31m    at router (D:\project\findcation\backend-findcation\node_modules\router\index.js:60:12)[39m
2026-01-31 13:56:44 [31merror[39m: [31m404 - Route /geojson/location not found - /geojson/location - GET - ::1[39m
2026-01-31 13:56:44 [31merror[39m: [31mError: Route /geojson/location not found[39m
[31m    at notFoundHandler (D:\project\findcation\backend-findcation\middleware\errorHandler.js:111:19)[39m
[31m    at Layer.handleRequest (D:\project\findcation\backend-findcation\node_modules\router\lib\layer.js:152:17)[39m
[31m    at trimPrefix (D:\project\findcation\backend-findcation\node_modules\router\index.js:342:13)[39m
[31m    at D:\project\findcation\backend-findcation\node_modules\router\index.js:297:9[39m
[31m    at processParams (D:\project\findcation\backend-findcation\node_modules\router\index.js:582:12)[39m
[31m    at next (D:\project\findcation\backend-findcation\node_modules\router\index.js:291:5)[39m
[31m    at D:\project\findcation\backend-findcation\node_modules\router\index.js:688:15[39m
[31m    at next (D:\project\findcation\backend-findcation\node_modules\router\index.js:276:14)[39m
[31m    at router.handle (D:\project\findcation\backend-findcation\node_modules\router\index.js:186:3)[39m
[31m    at router (D:\project\findcation\backend-findcation\node_modules\router\index.js:60:12)[39m
2026-01-31 13:56:44 [31merror[39m: [31m404 - Route /geojson/location not found - /geojson/location - GET - ::1[39m
2026-01-31 13:56:44 [31merror[39m: [31mError: Route /geojson/location not found[39m
[31m    at notFoundHandler (D:\project\findcation\backend-findcation\middleware\errorHandler.js:111:19)[39m
[31m    at Layer.handleRequest (D:\project\findcation\backend-findcation\node_modules\router\lib\layer.js:152:17)[39m
[31m    at trimPrefix (D:\project\findcation\backend-findcation\node_modules\router\index.js:342:13)[39m
[31m    at D:\project\findcation\backend-findcation\node_modules\router\index.js:297:9[39m
[31m    at processParams (D:\project\findcation\backend-findcation\node_modules\router\index.js:582:12)[39m
[31m    at next (D:\project\findcation\backend-findcation\node_modules\router\index.js:291:5)[39m
[31m    at D:\project\findcation\backend-findcation\node_modules\router\index.js:688:15[39m
[31m    at next (D:\project\findcation\backend-findcation\node_modules\router\index.js:276:14)[39m
[31m    at router.handle (D:\project\findcation\backend-findcation\node_modules\router\index.js:186:3)[39m
[31m    at router (D:\project\findcation\backend-findcation\node_modules\router\index.js:60:12)[39m
2026-01-31 13:56:47 [31merror[39m: [31m404 - Route /geojson/location not found - /geojson/location - GET - ::1[39m
2026-01-31 13:56:47 [31merror[39m: [31mError: Route /geojson/location not found[39m
[31m    at notFoundHandler (D:\project\findcation\backend-findcation\middleware\errorHandler.js:111:19)[39m
[31m    at Layer.handleRequest (D:\project\findcation\backend-findcation\node_modules\router\lib\layer.js:152:17)[39m
[31m    at trimPrefix (D:\project\findcation\backend-findcation\node_modules\router\index.js:342:13)[39m
[31m    at D:\project\findcation\backend-findcation\node_modules\router\index.js:297:9[39m
[31m    at processParams (D:\project\findcation\backend-findcation\node_modules\router\index.js:582:12)[39m
[31m    at next (D:\project\findcation\backend-findcation\node_modules\router\index.js:291:5)[39m
[31m    at D:\project\findcation\backend-findcation\node_modules\router\index.js:688:15[39m
[31m    at next (D:\project\findcation\backend-findcation\node_modules\router\index.js:276:14)[39m
[31m    at router.handle (D:\project\findcation\backend-findcation\node_modules\router\index.js:186:3)[39m
[31m    at router (D:\project\findcation\backend-findcation\node_modules\router\index.js:60:12)[39m
2026-01-31 13:56:47 [31merror[39m: [31m404 - Route /geojson/location not found - /geojson/location - GET - ::1[39m
2026-01-31 13:56:47 [31merror[39m: [31mError: Route /geojson/location not found[39m
[31m    at notFoundHandler (D:\project\findcation\backend-findcation\middleware\errorHandler.js:111:19)[39m
[31m    at Layer.handleRequest (D:\project\findcation\backend-findcation\node_modules\router\lib\layer.js:152:17)[39m
[31m    at trimPrefix (D:\project\findcation\backend-findcation\node_modules\router\index.js:342:13)[39m
[31m    at D:\project\findcation\backend-findcation\node_modules\router\index.js:297:9[39m
[31m    at processParams (D:\project\findcation\backend-findcation\node_modules\router\index.js:582:12)[39m
[31m    at next (D:\project\findcation\backend-findcation\node_modules\router\index.js:291:5)[39m
[31m    at D:\project\findcation\backend-findcation\node_modules\router\index.js:688:15[39m
[31m    at next (D:\project\findcation\backend-findcation\node_modules\router\index.js:276:14)[39m
[31m    at router.handle (D:\project\findcation\backend-findcation\node_modules\router\index.js:186:3)[39m
[31m    at router (D:\project\findcation\backend-findcation\node_modules\router\index.js:60:12)[39m
